<?xml version="1.0" encoding="UTF-8"?>
<testng-results skipped="0" failed="0" ignored="0" total="1" passed="1">
  <reporter-output>
  </reporter-output>
  <suite name="com.qait.Maven.TestMaven.NewTest" duration-ms="33889" started-at="2018-06-21T20:47:31Z" finished-at="2018-06-21T20:48:05Z">
    <groups>
    </groups>
    <test name="Command line test" duration-ms="33889" started-at="2018-06-21T20:47:31Z" finished-at="2018-06-21T20:48:05Z">
      <class name="com.qait.Maven.TestMaven.NewTest">
        <test-method status="PASS" signature="beforeTest()[pri:0, instance:com.qait.Maven.TestMaven.NewTest@7a0ac6e3]" name="beforeTest" is-config="true" duration-ms="21255" started-at="2018-06-22T02:17:31Z" finished-at="2018-06-22T02:17:52Z">
          <reporter-output>
          </reporter-output>
        </test-method> <!-- beforeTest -->
        <test-method status="PASS" signature="f()[pri:0, instance:com.qait.Maven.TestMaven.NewTest@7a0ac6e3]" name="f" duration-ms="9683" started-at="2018-06-22T02:17:52Z" finished-at="2018-06-22T02:18:02Z">
          <reporter-output>
          </reporter-output>
        </test-method> <!-- f -->
        <test-method status="PASS" signature="afterTest()[pri:0, instance:com.qait.Maven.TestMaven.NewTest@7a0ac6e3]" name="afterTest" is-config="true" duration-ms="2912" started-at="2018-06-22T02:18:02Z" finished-at="2018-06-22T02:18:05Z">
          <reporter-output>
          </reporter-output>
        </test-method> <!-- afterTest -->
      </class> <!-- com.qait.Maven.TestMaven.NewTest -->
    </test> <!-- Command line test -->
  </suite> <!-- com.qait.Maven.TestMaven.NewTest -->
</testng-results>
